#
# There is insufficient memory for the Java Runtime Environment to continue.
# Native memory allocation (malloc) failed to allocate 1248854016 bytes for committing reserved memory.
# Possible reasons:
#   The system is out of physical RAM or swap space
#   In 32 bit mode, the process size limit was hit
# Possible solutions:
#   Reduce memory load on the system
#   Increase physical memory or swap space
#   Check if swap backing store is full
#   Use 64 bit Java on a 64 bit OS
#   Decrease Java heap size (-Xmx/-Xms)
#   Decrease number of Java threads
#   Decrease Java thread stack sizes (-Xss)
#   Set larger code cache with -XX:ReservedCodeCacheSize=
# This output file may be truncated or incomplete.
#
#  Out of Memory Error (os_linux.cpp:2827), pid=23268, tid=140428541966080
#
# JRE version:  (7.0_121) (build )
# Java VM: OpenJDK 64-Bit Server VM (24.121-b00 mixed mode linux-amd64 compressed oops)
# Derivative: IcedTea 2.6.8
# Distribution: Ubuntu 14.04 LTS, package 7u121-2.6.8-1ubuntu0.14.04.3
# Failed to write core dump. Core dumps have been disabled. To enable core dumping, try "ulimit -c unlimited" before starting Java again
#

---------------  T H R E A D  ---------------

Current thread (0x00007fb80800c800):  JavaThread "Unknown thread" [_thread_in_vm, id=23312, stack(0x00007fb8114c3000,0x00007fb8115c4000)]

Stack: [0x00007fb8114c3000,0x00007fb8115c4000],  sp=0x00007fb8115c24e0,  free space=1021k
Native frames: (J=compiled Java code, j=interpreted, Vv=VM code, C=native code)
V  [libjvm.so+0x95d975]
V  [libjvm.so+0x497ad4]
V  [libjvm.so+0x7d6a6b]
V  [libjvm.so+0x7d142f]
V  [libjvm.so+0x84672b]
V  [libjvm.so+0x8474bb]
V  [libjvm.so+0x847b90]
V  [libjvm.so+0x2a8182]
V  [libjvm.so+0x7f83e9]
V  [libjvm.so+0x92dfd7]
V  [libjvm.so+0x92e313]
V  [libjvm.so+0x5ab0d5]
V  [libjvm.so+0x913e1f]
V  [libjvm.so+0x616ca4]  JNI_CreateJavaVM+0x54
C  [libjli.so+0x2b48]


---------------  P R O C E S S  ---------------

Java Threads: ( => current thread )

Other Threads:

=>0x00007fb80800c800 (exited) JavaThread "Unknown thread" [_thread_in_vm, id=23312, stack(0x00007fb8114c3000,0x00007fb8115c4000)]

VM state:not at safepoint (not fully initialized)

VM Mutex/Monitor currently owned by a thread: None

GC Heap History (0 events):
No events

Deoptimization events (0 events):
No events

Internal exceptions (0 events):
No events

Events (0 events):
No events


Dynamic libraries:
00400000-00401000 r-xp 00000000 fd:01 131616                             /usr/lib/jvm/java-7-openjdk-amd64/jre/bin/java
00600000-00601000 r--p 00000000 fd:01 131616                             /usr/lib/jvm/java-7-openjdk-amd64/jre/bin/java
00601000-00602000 rw-p 00001000 fd:01 131616                             /usr/lib/jvm/java-7-openjdk-amd64/jre/bin/java
0215f000-02180000 rw-p 00000000 00:00 0                                  [heap]
710b80000-7b5900000 rw-p 00000000 00:00 0 
7fb805000000-7fb805270000 rwxp 00000000 00:00 0 
7fb805270000-7fb808024000 rw-p 00000000 00:00 0 
7fb808024000-7fb80c000000 ---p 00000000 00:00 0 
7fb80d966000-7fb80e0e0000 rw-p 00000000 00:00 0 
7fb80e0e0000-7fb80e0e1000 rw-p 00000000 00:00 0 
7fb80e0e1000-7fb80e0e9000 r-xp 00000000 fd:01 131571                     /usr/lib/jvm/java-7-openjdk-amd64/jre/lib/amd64/libzip.so
7fb80e0e9000-7fb80e2e8000 ---p 00008000 fd:01 131571                     /usr/lib/jvm/java-7-openjdk-amd64/jre/lib/amd64/libzip.so
7fb80e2e8000-7fb80e2e9000 r--p 00007000 fd:01 131571                     /usr/lib/jvm/java-7-openjdk-amd64/jre/lib/amd64/libzip.so
7fb80e2e9000-7fb80e2ea000 rw-p 00008000 fd:01 131571                     /usr/lib/jvm/java-7-openjdk-amd64/jre/lib/amd64/libzip.so
7fb80e2ea000-7fb80e2f4000 r-xp 00000000 fd:01 15150                      /lib/x86_64-linux-gnu/libnss_files-2.19.so
7fb80e2f4000-7fb80e4f3000 ---p 0000a000 fd:01 15150                      /lib/x86_64-linux-gnu/libnss_files-2.19.so
7fb80e4f3000-7fb80e4f4000 r--p 00009000 fd:01 15150                      /lib/x86_64-linux-gnu/libnss_files-2.19.so
7fb80e4f4000-7fb80e4f5000 rw-p 0000a000 fd:01 15150                      /lib/x86_64-linux-gnu/libnss_files-2.19.so
7fb80e4f5000-7fb80e500000 r-xp 00000000 fd:01 7737                       /lib/x86_64-linux-gnu/libnss_nis-2.19.so
7fb80e500000-7fb80e6ff000 ---p 0000b000 fd:01 7737                       /lib/x86_64-linux-gnu/libnss_nis-2.19.so
7fb80e6ff000-7fb80e700000 r--p 0000a000 fd:01 7737                       /lib/x86_64-linux-gnu/libnss_nis-2.19.so
7fb80e700000-7fb80e701000 rw-p 0000b000 fd:01 7737                       /lib/x86_64-linux-gnu/libnss_nis-2.19.so
7fb80e701000-7fb80e718000 r-xp 00000000 fd:01 7733                       /lib/x86_64-linux-gnu/libnsl-2.19.so
7fb80e718000-7fb80e917000 ---p 00017000 fd:01 7733                       /lib/x86_64-linux-gnu/libnsl-2.19.so
7fb80e917000-7fb80e918000 r--p 00016000 fd:01 7733                       /lib/x86_64-linux-gnu/libnsl-2.19.so
7fb80e918000-7fb80e919000 rw-p 00017000 fd:01 7733                       /lib/x86_64-linux-gnu/libnsl-2.19.so
7fb80e919000-7fb80e91b000 rw-p 00000000 00:00 0 
7fb80e91b000-7fb80e924000 r-xp 00000000 fd:01 7732                       /lib/x86_64-linux-gnu/libnss_compat-2.19.so
7fb80e924000-7fb80eb23000 ---p 00009000 fd:01 7732                       /lib/x86_64-linux-gnu/libnss_compat-2.19.so
7fb80eb23000-7fb80eb24000 r--p 00008000 fd:01 7732                       /lib/x86_64-linux-gnu/libnss_compat-2.19.so
7fb80eb24000-7fb80eb25000 rw-p 00009000 fd:01 7732                       /lib/x86_64-linux-gnu/libnss_compat-2.19.so
7fb80eb25000-7fb80eb4f000 r-xp 00000000 fd:01 131445                     /usr/lib/jvm/java-7-openjdk-amd64/jre/lib/amd64/libjava.so
7fb80eb4f000-7fb80ed4f000 ---p 0002a000 fd:01 131445                     /usr/lib/jvm/java-7-openjdk-amd64/jre/lib/amd64/libjava.so
7fb80ed4f000-7fb80ed50000 r--p 0002a000 fd:01 131445                     /usr/lib/jvm/java-7-openjdk-amd64/jre/lib/amd64/libjava.so
7fb80ed50000-7fb80ed52000 rw-p 0002b000 fd:01 131445                     /usr/lib/jvm/java-7-openjdk-amd64/jre/lib/amd64/libjava.so
7fb80ed52000-7fb80ed62000 r-xp 00000000 fd:01 131587                     /usr/lib/jvm/java-7-openjdk-amd64/jre/lib/amd64/libverify.so
7fb80ed62000-7fb80ef61000 ---p 00010000 fd:01 131587                     /usr/lib/jvm/java-7-openjdk-amd64/jre/lib/amd64/libverify.so
7fb80ef61000-7fb80ef63000 r--p 0000f000 fd:01 131587                     /usr/lib/jvm/java-7-openjdk-amd64/jre/lib/amd64/libverify.so
7fb80ef63000-7fb80ef64000 rw-p 00011000 fd:01 131587                     /usr/lib/jvm/java-7-openjdk-amd64/jre/lib/amd64/libverify.so
7fb80ef64000-7fb80ef6b000 r-xp 00000000 fd:01 7743                       /lib/x86_64-linux-gnu/librt-2.19.so
7fb80ef6b000-7fb80f16a000 ---p 00007000 fd:01 7743                       /lib/x86_64-linux-gnu/librt-2.19.so
7fb80f16a000-7fb80f16b000 r--p 00006000 fd:01 7743                       /lib/x86_64-linux-gnu/librt-2.19.so
7fb80f16b000-7fb80f16c000 rw-p 00007000 fd:01 7743                       /lib/x86_64-linux-gnu/librt-2.19.so
7fb80f16c000-7fb80f182000 r-xp 00000000 fd:01 3165                       /lib/x86_64-linux-gnu/libgcc_s.so.1
7fb80f182000-7fb80f381000 ---p 00016000 fd:01 3165                       /lib/x86_64-linux-gnu/libgcc_s.so.1
7fb80f381000-7fb80f382000 rw-p 00015000 fd:01 3165                       /lib/x86_64-linux-gnu/libgcc_s.so.1
7fb80f382000-7fb80f487000 r-xp 00000000 fd:01 3372                       /lib/x86_64-linux-gnu/libm-2.19.so
7fb80f487000-7fb80f686000 ---p 00105000 fd:01 3372                       /lib/x86_64-linux-gnu/libm-2.19.so
7fb80f686000-7fb80f687000 r--p 00104000 fd:01 3372                       /lib/x86_64-linux-gnu/libm-2.19.so
7fb80f687000-7fb80f688000 rw-p 00105000 fd:01 3372                       /lib/x86_64-linux-gnu/libm-2.19.so
7fb80f688000-7fb80f76e000 r-xp 00000000 fd:01 3156                       /usr/lib/x86_64-linux-gnu/libstdc++.so.6.0.19
7fb80f76e000-7fb80f96d000 ---p 000e6000 fd:01 3156                       /usr/lib/x86_64-linux-gnu/libstdc++.so.6.0.19
7fb80f96d000-7fb80f975000 r--p 000e5000 fd:01 3156                       /usr/lib/x86_64-linux-gnu/libstdc++.so.6.0.19
7fb80f975000-7fb80f977000 rw-p 000ed000 fd:01 3156                       /usr/lib/x86_64-linux-gnu/libstdc++.so.6.0.19
7fb80f977000-7fb80f98c000 rw-p 00000000 00:00 0 
7fb80f98c000-7fb8104ba000 r-xp 00000000 fd:01 131570                     /usr/lib/jvm/java-7-openjdk-amd64/jre/lib/amd64/server/libjvm.so
7fb8104ba000-7fb8106ba000 ---p 00b2e000 fd:01 131570                     /usr/lib/jvm/java-7-openjdk-amd64/jre/lib/amd64/server/libjvm.so
7fb8106ba000-7fb810754000 r--p 00b2e000 fd:01 131570                     /usr/lib/jvm/java-7-openjdk-amd64/jre/lib/amd64/server/libjvm.so
7fb810754000-7fb810777000 rw-p 00bc8000 fd:01 131570                     /usr/lib/jvm/java-7-openjdk-amd64/jre/lib/amd64/server/libjvm.so
7fb810777000-7fb8107a6000 rw-p 00000000 00:00 0 
7fb8107a6000-7fb8107be000 r-xp 00000000 fd:01 3220                       /lib/x86_64-linux-gnu/libz.so.1.2.8
7fb8107be000-7fb8109bd000 ---p 00018000 fd:01 3220                       /lib/x86_64-linux-gnu/libz.so.1.2.8
7fb8109bd000-7fb8109be000 r--p 00017000 fd:01 3220                       /lib/x86_64-linux-gnu/libz.so.1.2.8
7fb8109be000-7fb8109bf000 rw-p 00018000 fd:01 3220                       /lib/x86_64-linux-gnu/libz.so.1.2.8
7fb8109bf000-7fb8109d8000 r-xp 00000000 fd:01 7734                       /lib/x86_64-linux-gnu/libpthread-2.19.so
7fb8109d8000-7fb810bd7000 ---p 00019000 fd:01 7734                       /lib/x86_64-linux-gnu/libpthread-2.19.so
7fb810bd7000-7fb810bd8000 r--p 00018000 fd:01 7734                       /lib/x86_64-linux-gnu/libpthread-2.19.so
7fb810bd8000-7fb810bd9000 rw-p 00019000 fd:01 7734                       /lib/x86_64-linux-gnu/libpthread-2.19.so
7fb810bd9000-7fb810bdd000 rw-p 00000000 00:00 0 
7fb810bdd000-7fb810be0000 r-xp 00000000 fd:01 3501                       /lib/x86_64-linux-gnu/libdl-2.19.so
7fb810be0000-7fb810ddf000 ---p 00003000 fd:01 3501                       /lib/x86_64-linux-gnu/libdl-2.19.so
7fb810ddf000-7fb810de0000 r--p 00002000 fd:01 3501                       /lib/x86_64-linux-gnu/libdl-2.19.so
7fb810de0000-7fb810de1000 rw-p 00003000 fd:01 3501                       /lib/x86_64-linux-gnu/libdl-2.19.so
7fb810de1000-7fb810f9b000 r-xp 00000000 fd:01 7744                       /lib/x86_64-linux-gnu/libc-2.19.so
7fb810f9b000-7fb81119b000 ---p 001ba000 fd:01 7744                       /lib/x86_64-linux-gnu/libc-2.19.so
7fb81119b000-7fb81119f000 r--p 001ba000 fd:01 7744                       /lib/x86_64-linux-gnu/libc-2.19.so
7fb81119f000-7fb8111a1000 rw-p 001be000 fd:01 7744                       /lib/x86_64-linux-gnu/libc-2.19.so
7fb8111a1000-7fb8111a6000 rw-p 00000000 00:00 0 
7fb8111a6000-7fb8111b3000 r-xp 00000000 fd:01 131560                     /usr/lib/jvm/java-7-openjdk-amd64/jre/lib/amd64/jli/libjli.so
7fb8111b3000-7fb8113b2000 ---p 0000d000 fd:01 131560                     /usr/lib/jvm/java-7-openjdk-amd64/jre/lib/amd64/jli/libjli.so
7fb8113b2000-7fb8113b3000 r--p 0000c000 fd:01 131560                     /usr/lib/jvm/java-7-openjdk-amd64/jre/lib/amd64/jli/libjli.so
7fb8113b3000-7fb8113b4000 rw-p 0000d000 fd:01 131560                     /usr/lib/jvm/java-7-openjdk-amd64/jre/lib/amd64/jli/libjli.so
7fb8113b4000-7fb8113d7000 r-xp 00000000 fd:01 7735                       /lib/x86_64-linux-gnu/ld-2.19.so
7fb811402000-7fb81140d000 rw-p 00000000 00:00 0 
7fb81140d000-7fb8114c3000 rw-p 00000000 00:00 0 
7fb8114c3000-7fb8114c6000 ---p 00000000 00:00 0 
7fb8114c6000-7fb8115ca000 rw-p 00000000 00:00 0                          [stack:23312]
7fb8115ca000-7fb8115d2000 rw-s 00000000 fd:01 4472192                    /tmp/hsperfdata_muesim/23268
7fb8115d2000-7fb8115d3000 rw-p 00000000 00:00 0 
7fb8115d3000-7fb8115d4000 r--p 00000000 00:00 0 
7fb8115d4000-7fb8115d6000 rw-p 00000000 00:00 0 
7fb8115d6000-7fb8115d7000 r--p 00022000 fd:01 7735                       /lib/x86_64-linux-gnu/ld-2.19.so
7fb8115d7000-7fb8115d8000 rw-p 00023000 fd:01 7735                       /lib/x86_64-linux-gnu/ld-2.19.so
7fb8115d8000-7fb8115d9000 rw-p 00000000 00:00 0 
7fff21ef1000-7fff21f12000 rw-p 00000000 00:00 0                          [stack]
7fff21f39000-7fff21f3b000 r-xp 00000000 00:00 0                          [vdso]
ffffffffff600000-ffffffffff601000 r-xp 00000000 00:00 0                  [vsyscall]

VM Arguments:
jvm_args: -Xms3572m -Xmx3572m -XX:MaxPermSize=256m 
java_command: org.apache.spark.deploy.SparkSubmit pyspark-shell
Launcher Type: SUN_STANDARD

Environment Variables:
CLASSPATH=:/usr/lib/hadoop/*:/usr/lib/hadoop/../hadoop-hdfs/*:/usr/lib/hadoop/../hadoop-yarn/*:/usr/lib/hadoop/../hadoop-mapreduce/*
PATH=/usr/local/sbin:/usr/local/bin:/sbin:/bin:/usr/sbin:/usr/bin
SHELL=/bin/bash

Signal Handlers:
SIGSEGV: [libjvm.so+0x95e460], sa_mask[0]=0x7ffbfeff, sa_flags=0x10000004
SIGBUS: [libjvm.so+0x95e460], sa_mask[0]=0x7ffbfeff, sa_flags=0x10000004
SIGFPE: [libjvm.so+0x7d2030], sa_mask[0]=0x7ffbfeff, sa_flags=0x10000004
SIGPIPE: [libjvm.so+0x7d2030], sa_mask[0]=0x7ffbfeff, sa_flags=0x10000004
SIGXFSZ: [libjvm.so+0x7d2030], sa_mask[0]=0x7ffbfeff, sa_flags=0x10000004
SIGILL: [libjvm.so+0x7d2030], sa_mask[0]=0x7ffbfeff, sa_flags=0x10000004
SIGUSR1: SIG_DFL, sa_mask[0]=0x00000000, sa_flags=0x00000000
SIGUSR2: [libjvm.so+0x7d2160], sa_mask[0]=0x00000000, sa_flags=0x10000004
SIGHUP: SIG_DFL, sa_mask[0]=0x00000000, sa_flags=0x00000000
SIGINT: SIG_IGN, sa_mask[0]=0x00000000, sa_flags=0x00000000
SIGTERM: SIG_DFL, sa_mask[0]=0x00000000, sa_flags=0x00000000
SIGQUIT: SIG_DFL, sa_mask[0]=0x00000000, sa_flags=0x00000000
SIGTRAP: SIG_DFL, sa_mask[0]=0x00000000, sa_flags=0x00000000


---------------  S Y S T E M  ---------------

OS:Ubuntu 14.04 (trusty)
uname:Linux 3.13.0-83-generic #127-Ubuntu SMP Fri Mar 11 00:25:37 UTC 2016 x86_64
libc:glibc 2.19 NPTL 2.19 
rlimit: STACK 8192k, CORE 0k, NPROC 251283, NOFILE 4096, AS infinity
load average:0.42 0.23 0.16

/proc/meminfo:
MemTotal:       32174712 kB
MemFree:          243668 kB
Buffers:          114724 kB
Cached:           749768 kB
SwapCached:            0 kB
Active:         30970992 kB
Inactive:         439388 kB
Active(anon):   30560772 kB
Inactive(anon):    37716 kB
Active(file):     410220 kB
Inactive(file):   401672 kB
Unevictable:           0 kB
Mlocked:               0 kB
SwapTotal:             0 kB
SwapFree:              0 kB
Dirty:               504 kB
Writeback:             0 kB
AnonPages:      30545796 kB
Mapped:            93200 kB
Shmem:             52596 kB
Slab:             194688 kB
SReclaimable:     139328 kB
SUnreclaim:        55360 kB
KernelStack:       16080 kB
PageTables:        95660 kB
NFS_Unstable:          0 kB
Bounce:                0 kB
WritebackTmp:          0 kB
CommitLimit:    16087356 kB
Committed_AS:   70098480 kB
VmallocTotal:   34359738367 kB
VmallocUsed:       56664 kB
VmallocChunk:   34359641688 kB
HardwareCorrupted:     0 kB
AnonHugePages:  24887296 kB
HugePages_Total:       0
HugePages_Free:        0
HugePages_Rsvd:        0
HugePages_Surp:        0
Hugepagesize:       2048 kB
DirectMap4k:       55164 kB
DirectMap2M:     5449728 kB
DirectMap1G:    27262976 kB


CPU:total 8 (1 cores per cpu, 1 threads per core) family 6 model 61 stepping 2, cmov, cx8, fxsr, mmx, sse, sse2, sse3, ssse3, sse4.1, sse4.2, popcnt, avx, avx2, aes, erms, tsc

/proc/cpuinfo:
processor	: 0
vendor_id	: GenuineIntel
cpu family	: 6
model		: 61
model name	: Intel Core Processor (Broadwell)
stepping	: 2
microcode	: 0x1
cpu MHz		: 2394.454
cache size	: 4096 KB
physical id	: 0
siblings	: 1
core id		: 0
cpu cores	: 1
apicid		: 0
initial apicid	: 0
fpu		: yes
fpu_exception	: yes
cpuid level	: 13
wp		: yes
flags		: fpu vme de pse tsc msr pae mce cx8 apic sep mtrr pge mca cmov pat pse36 clflush mmx fxsr sse sse2 ss syscall nx pdpe1gb rdtscp lm constant_tsc rep_good nopl eagerfpu pni pclmulqdq vmx ssse3 fma cx16 pcid sse4_1 sse4_2 x2apic movbe popcnt tsc_deadline_timer aes xsave avx f16c rdrand hypervisor lahf_lm abm 3dnowprefetch arat xsaveopt vnmi ept fsgsbase bmi1 hle avx2 smep bmi2 erms invpcid rtm
bogomips	: 4788.90
clflush size	: 64
cache_alignment	: 64
address sizes	: 40 bits physical, 48 bits virtual
power management:

processor	: 1
vendor_id	: GenuineIntel
cpu family	: 6
model		: 61
model name	: Intel Core Processor (Broadwell)
stepping	: 2
microcode	: 0x1
cpu MHz		: 2394.454
cache size	: 4096 KB
physical id	: 1
siblings	: 1
core id		: 0
cpu cores	: 1
apicid		: 1
initial apicid	: 1
fpu		: yes
fpu_exception	: yes
cpuid level	: 13
wp		: yes
flags		: fpu vme de pse tsc msr pae mce cx8 apic sep mtrr pge mca cmov pat pse36 clflush mmx fxsr sse sse2 ss syscall nx pdpe1gb rdtscp lm constant_tsc rep_good nopl eagerfpu pni pclmulqdq vmx ssse3 fma cx16 pcid sse4_1 sse4_2 x2apic movbe popcnt tsc_deadline_timer aes xsave avx f16c rdrand hypervisor lahf_lm abm 3dnowprefetch arat xsaveopt vnmi ept fsgsbase bmi1 hle avx2 smep bmi2 erms invpcid rtm
bogomips	: 4788.90
clflush size	: 64
cache_alignment	: 64
address sizes	: 40 bits physical, 48 bits virtual
power management:

processor	: 2
vendor_id	: GenuineIntel
cpu family	: 6
model		: 61
model name	: Intel Core Processor (Broadwell)
stepping	: 2
microcode	: 0x1
cpu MHz		: 2394.454
cache size	: 4096 KB
physical id	: 2
siblings	: 1
core id		: 0
cpu cores	: 1
apicid		: 2
initial apicid	: 2
fpu		: yes
fpu_exception	: yes
cpuid level	: 13
wp		: yes
flags		: fpu vme de pse tsc msr pae mce cx8 apic sep mtrr pge mca cmov pat pse36 clflush mmx fxsr sse sse2 ss syscall nx pdpe1gb rdtscp lm constant_tsc rep_good nopl eagerfpu pni pclmulqdq vmx ssse3 fma cx16 pcid sse4_1 sse4_2 x2apic movbe popcnt tsc_deadline_timer aes xsave avx f16c rdrand hypervisor lahf_lm abm 3dnowprefetch arat xsaveopt vnmi ept fsgsbase bmi1 hle avx2 smep bmi2 erms invpcid rtm
bogomips	: 4788.90
clflush size	: 64
cache_alignment	: 64
address sizes	: 40 bits physical, 48 bits virtual
power management:

processor	: 3
vendor_id	: GenuineIntel
cpu family	: 6
model		: 61
model name	: Intel Core Processor (Broadwell)
stepping	: 2
microcode	: 0x1
cpu MHz		: 2394.454
cache size	: 4096 KB
physical id	: 3
siblings	: 1
core id		: 0
cpu cores	: 1
apicid		: 3
initial apicid	: 3
fpu		: yes
fpu_exception	: yes
cpuid level	: 13
wp		: yes
flags		: fpu vme de pse tsc msr pae mce cx8 apic sep mtrr pge mca cmov pat pse36 clflush mmx fxsr sse sse2 ss syscall nx pdpe1gb rdtscp lm constant_tsc rep_good nopl eagerfpu pni pclmulqdq vmx ssse3 fma cx16 pcid sse4_1 sse4_2 x2apic movbe popcnt tsc_deadline_timer aes xsave avx f16c rdrand hypervisor lahf_lm abm 3dnowprefetch arat xsaveopt vnmi ept fsgsbase bmi1 hle avx2 smep bmi2 erms invpcid rtm
bogomips	: 4788.90
clflush size	: 64
cache_alignment	: 64
address sizes	: 40 bits physical, 48 bits virtual
power management:

processor	: 4
vendor_id	: GenuineIntel
cpu family	: 6
model		: 61
model name	: Intel Core Processor (Broadwell)
stepping	: 2
microcode	: 0x1
cpu MHz		: 2394.454
cache size	: 4096 KB
physical id	: 4
siblings	: 1
core id		: 0
cpu cores	: 1
apicid		: 4
initial apicid	: 4
fpu		: yes
fpu_exception	: yes
cpuid level	: 13
wp		: yes
flags		: fpu vme de pse tsc msr pae mce cx8 apic sep mtrr pge mca cmov pat pse36 clflush mmx fxsr sse sse2 ss syscall nx pdpe1gb rdtscp lm constant_tsc rep_good nopl eagerfpu pni pclmulqdq vmx ssse3 fma cx16 pcid sse4_1 sse4_2 x2apic movbe popcnt tsc_deadline_timer aes xsave avx f16c rdrand hypervisor lahf_lm abm 3dnowprefetch arat xsaveopt vnmi ept fsgsbase bmi1 hle avx2 smep bmi2 erms invpcid rtm
bogomips	: 4788.90
clflush size	: 64
cache_alignment	: 64
address sizes	: 40 bits physical, 48 bits virtual
power management:

processor	: 5
vendor_id	: GenuineIntel
cpu family	: 6
model		: 61
model name	: Intel Core Processor (Broadwell)
stepping	: 2
microcode	: 0x1
cpu MHz		: 2394.454
cache size	: 4096 KB
physical id	: 5
siblings	: 1
core id		: 0
cpu cores	: 1
apicid		: 5
initial apicid	: 5
fpu		: yes
fpu_exception	: yes
cpuid level	: 13
wp		: yes
flags		: fpu vme de pse tsc msr pae mce cx8 apic sep mtrr pge mca cmov pat pse36 clflush mmx fxsr sse sse2 ss syscall nx pdpe1gb rdtscp lm constant_tsc rep_good nopl eagerfpu pni pclmulqdq vmx ssse3 fma cx16 pcid sse4_1 sse4_2 x2apic movbe popcnt tsc_deadline_timer aes xsave avx f16c rdrand hypervisor lahf_lm abm 3dnowprefetch arat xsaveopt vnmi ept fsgsbase bmi1 hle avx2 smep bmi2 erms invpcid rtm
bogomips	: 4788.90
clflush size	: 64
cache_alignment	: 64
address sizes	: 40 bits physical, 48 bits virtual
power management:

processor	: 6
vendor_id	: GenuineIntel
cpu family	: 6
model		: 61
model name	: Intel Core Processor (Broadwell)
stepping	: 2
microcode	: 0x1
cpu MHz		: 2394.454
cache size	: 4096 KB
physical id	: 6
siblings	: 1
core id		: 0
cpu cores	: 1
apicid		: 6
initial apicid	: 6
fpu		: yes
fpu_exception	: yes
cpuid level	: 13
wp		: yes
flags		: fpu vme de pse tsc msr pae mce cx8 apic sep mtrr pge mca cmov pat pse36 clflush mmx fxsr sse sse2 ss syscall nx pdpe1gb rdtscp lm constant_tsc rep_good nopl eagerfpu pni pclmulqdq vmx ssse3 fma cx16 pcid sse4_1 sse4_2 x2apic movbe popcnt tsc_deadline_timer aes xsave avx f16c rdrand hypervisor lahf_lm abm 3dnowprefetch arat xsaveopt vnmi ept fsgsbase bmi1 hle avx2 smep bmi2 erms invpcid rtm
bogomips	: 4788.90
clflush size	: 64
cache_alignment	: 64
address sizes	: 40 bits physical, 48 bits virtual
power management:

processor	: 7
vendor_id	: GenuineIntel
cpu family	: 6
model		: 61
model name	: Intel Core Processor (Broadwell)
stepping	: 2
microcode	: 0x1
cpu MHz		: 2394.454
cache size	: 4096 KB
physical id	: 7
siblings	: 1
core id		: 0
cpu cores	: 1
apicid		: 7
initial apicid	: 7
fpu		: yes
fpu_exception	: yes
cpuid level	: 13
wp		: yes
flags		: fpu vme de pse tsc msr pae mce cx8 apic sep mtrr pge mca cmov pat pse36 clflush mmx fxsr sse sse2 ss syscall nx pdpe1gb rdtscp lm constant_tsc rep_good nopl eagerfpu pni pclmulqdq vmx ssse3 fma cx16 pcid sse4_1 sse4_2 x2apic movbe popcnt tsc_deadline_timer aes xsave avx f16c rdrand hypervisor lahf_lm abm 3dnowprefetch arat xsaveopt vnmi ept fsgsbase bmi1 hle avx2 smep bmi2 erms invpcid rtm
bogomips	: 4788.90
clflush size	: 64
cache_alignment	: 64
address sizes	: 40 bits physical, 48 bits virtual
power management:



Memory: 4k page, physical 32174712k(243668k free), swap 0k(0k free)

vm_info: OpenJDK 64-Bit Server VM (24.121-b00) for linux-amd64 JRE (1.7.0_121-b00), built on Feb  7 2017 18:45:58 by "buildd" with gcc 4.8.4

time: Tue May  9 07:25:05 2017
elapsed time: 0 seconds

